ERROR:root:Error converting ratio(s) to float for CMPR: could not convert string to float: '-'
ERROR:root:Error converting ratio(s) to float for FCL: could not convert string to float: 'N/A'
ERROR:root:Error converting ratio(s) to float for MIO: could not convert string to float: 'N/A'
ERROR:root:Error converting ratio(s) to float for HSW: could not convert string to float: 'N/A'
ERROR:root:Error converting ratio(s) to float for MLC: could not convert string to float: 'N/A'
ERROR:root:Error converting ratio(s) to float for FBAYF: could not convert string to float: 'N/A'
ERROR:root:Error converting ratio(s) to float for FOG: could not convert string to float: 'N/A'
ERROR:root:Error converting ratio(s) to float for SLE: could not convert string to float: 'N/A'
ERROR:root:Error converting ratio(s) to float for DLE: could not convert string to float: 'N/A'
ERROR:root:Error converting ratio(s) to float for 6VR: could not convert string to float: 'N/A'
ERROR:root:Error converting ratio(s) to float for ENDP: could not convert string to float: 'N/A'
ERROR:root:Error converting ratio(s) to float for ONE: could not convert string to float: 'N/A'
ERROR:root:Error converting ratio(s) to float for AEX: could not convert string to float: 'N/A'
ERROR:root:Error converting ratio(s) to float for ZUTEC: could not convert string to float: 'N/A'
ERROR:root:Error converting ratio(s) to float for HTOO: could not convert string to float: 'N/A'
ERROR:root:Error converting ratio(s) to float for PZQA: could not convert string to float: 'N/A'
ERROR:root:Error converting ratio(s) to float for TRIB: could not convert string to float: 'N/A'
ERROR:root:Error converting ratio(s) to float for DQ7A: could not convert string to float: 'N/A'
ERROR:root:Error converting ratio(s) to float for EQT: could not convert string to float: 'N/A'
ERROR:root:Error converting ratio(s) to float for BOD: could not convert string to float: 'N/A'
ERROR:root:Error converting ratio(s) to float for ITRM: could not convert string to float: 'N/A'
ERROR:root:Error converting ratio(s) to float for GLAN: could not convert string to float: 'N/A'
ERROR:root:Error converting ratio(s) to float for CASN: could not convert string to float: 'N/A'
ERROR:root:Error converting ratio(s) to float for CGNR: could not convert string to float: 'N/A'
ERROR:root:Error converting ratio(s) to float for OVXA: could not convert string to float: 'N/A'
ERROR:root:Error converting ratio(s) to float for CLON: could not convert string to float: 'N/A'
ERROR:root:Error converting ratio(s) to float for 8GW: could not convert string to float: 'N/A'
ERROR:root:Error converting ratio(s) to float for NBRV: could not convert string to float: 'N/A'
ERROR:root:Error converting ratio(s) to float for ORQ1: could not convert string to float: 'N/A'
ERROR:root:Error converting ratio(s) to float for KDR: could not convert string to float: 'N/A'
ERROR:root:Error converting ratio(s) to float for PET: could not convert string to float: 'N/A'
ERROR:root:Error converting ratio(s) to float for KIBO: could not convert string to float: 'N/A'
ERROR:root:Error converting ratio(s) to float for LOGP: could not convert string to float: 'N/A'
ERROR:root:Error converting ratio(s) to float for ARK: could not convert string to float: 'N/A'
ERROR:root:Error converting ratio(s) to float for DVRG: could not convert string to float: 'N/A'
ERROR:root:Error converting ratio(s) to float for IMC: could not convert string to float: 'N/A'
ERROR:root:Error converting ratio(s) to float for P8ET: could not convert string to float: 'N/A'
ERROR:root:Error converting ratio(s) to float for KOLL: could not convert string to float: 'N/A'
ERROR:root:Error converting ratio(s) to float for BKIC: could not convert string to float: 'N/A'
ERROR:root:Error converting ratio(s) to float for ABBY: could not convert string to float: 'N/A'
ERROR:root:Error converting ratio(s) to float for MNKKQ: could not convert string to float: 'N/A'
ERROR:root:Error converting ratio(s) to float for APGN: could not convert string to float: 'N/A'
ERROR:root:Error converting ratio(s) to float for GAMB: could not convert string to float: 'N/A'
ERROR:root:Error converting ratio(s) to float for : could not convert string to float: 'N/A'
ERROR:root:Error converting ratio(s) to float for CMPR: could not convert string to float: '-'
ERROR:root:Error converting ratio(s) to float for ICLR: could not convert string to float: 'N/A'
